<?xml version="1.0" encoding="UTF-8"?>
<testsuite name="com.cabinvoicegenerator.services.CabOperationsTest" tests="1" skipped="0" failures="0" errors="0" timestamp="2021-04-27T17:00:55" hostname="AVS-1997" time="0.039">
  <properties/>
  <testcase name="givenMultipleRidingDetails_ShouldReturnLengthAnd_Average()" classname="com.cabinvoicegenerator.services.CabOperationsTest" time="0.039"/>
  <system-out><![CDATA[]]></system-out>
  <system-err><![CDATA[]]></system-err>
</testsuite>
