<?xml version="1.0" encoding="UTF-8"?>
<testsuite name="com.cabinvoicegenerator.services.CabOperationsTest" tests="1" skipped="0" failures="0" errors="0" timestamp="2021-04-27T15:24:13" hostname="AVS-1997" time="1.679">
  <properties/>
  <testcase name="givenRidingDetails_WhenGiven_ShouldReturnFare()" classname="com.cabinvoicegenerator.services.CabOperationsTest" time="1.679"/>
  <system-out><![CDATA[]]></system-out>
  <system-err><![CDATA[]]></system-err>
</testsuite>
