<?xml version="1.0" encoding="UTF-8"?>
<testsuite name="com.cabinvoicegenerator.services.CabOperationsTest" tests="2" skipped="0" failures="0" errors="0" timestamp="2021-04-27T16:50:20" hostname="AVS-1997" time="0.08">
  <properties/>
  <testcase name="givenRidingDetails_WhenGiven_ShouldReturnFare()" classname="com.cabinvoicegenerator.services.CabOperationsTest" time="0.072"/>
  <testcase name="givenMultipleRidingDetails_ShouldReturnTotalAggregateFare()" classname="com.cabinvoicegenerator.services.CabOperationsTest" time="0.006"/>
  <system-out><![CDATA[]]></system-out>
  <system-err><![CDATA[]]></system-err>
</testsuite>
